<?xml version="1.0" encoding="UTF-8"?>
<!-- Generated by org.testng.reporters.JUnitReportReporter -->
<testsuite hostname="MacBookPro114-aleksandralukic.local" failures="0" tests="4" name="adidas.GetWeatherAPITest" time="1.762" errors="0" timestamp="09 Jul 2018 06:55:26 GMT" skipped="0">
  <testcase classname="adidas.GetWeatherAPITest" name="getWeather" time="0.092"/>
  <testcase classname="adidas.GetWeatherAPITest" name="testWeatherInBelgrade" time="0.089"/>
  <testcase classname="adidas.GetWeatherAPITest" name="getWeatherDisplayed" time="0.330"/>
  <testcase classname="adidas.GetWeatherAPITest" name="getWeaterForecast" time="1.251"/>
</testsuite> <!-- adidas.GetWeatherAPITest -->
